
scontrol show job 11410355
JobId=11410355 JobName=debugjob-1-alague
   UserId=alague(3061641) GroupId=rbond(6000076) MCS_label=N/A
   Priority=10955607 Nice=0 Account=rrg-rbond-ac QOS=normal
   JobState=COMPLETING Reason=None Dependency=(null)
   Requeue=0 Restarts=0 BatchFlag=0 Reboot=0 ExitCode=0:0
   RunTime=00:48:54 TimeLimit=01:00:00 TimeMin=N/A
   SubmitTime=2023-11-27T10:56:40 EligibleTime=2023-11-27T10:56:40
   AccrueTime=2023-11-27T10:56:40
   StartTime=2023-11-27T10:56:42 EndTime=2023-11-27T11:45:36 Deadline=N/A
   SuspendTime=None SecsPreSuspend=0 LastSchedEval=2023-11-27T10:56:42 Scheduler=Main
   Partition=debug AllocNode:Sid=nia-login02:145597
   ReqNodeList=(null) ExcNodeList=(null)
   NodeList=nia0005
   BatchHost=nia0005
   NumNodes=1 NumCPUs=80 NumTasks=40 CPUs/Task=1 ReqB:S:C:T=0:0:*:*
   ReqTRES=cpu=40,mem=175000M,node=1,billing=20
   AllocTRES=cpu=80,mem=175000M,node=1,billing=40
   Socks/Node=* NtasksPerN:B:S:C=0:0:*:* CoreSpec=*
   MinCPUsNode=1 MinMemoryNode=175000M MinTmpDiskNode=0
   Features=[skylake|cascade] DelayBoot=00:00:00
   OverSubscribe=NO Contiguous=0 Licenses=(null) Network=(null)
   Command=/bin/sh
   WorkDir=/gpfs/fs0/scratch/r/rbond/alague/ksz-pipeline/ksz-analysis/quadratic_estimator/repo/kSZquest
   Comment=/opt/slurm/bin/salloc --time=1:0:0 --job-name=debugjob-1-alague --nodes=1 --ntasks=40 -p debug --exclusive 
   Power=
   

sacct -j 11410355
JobID           JobName    Account    Elapsed  MaxVMSize     MaxRSS  SystemCPU    UserCPU ExitCode 
------------ ---------- ---------- ---------- ---------- ---------- ---------- ---------- -------- 
11410355     debugjob-+ rrg-rbond+   00:48:54                        02:24.315   01:56:48      0:0 
11410355.in+ interacti+ rrg-rbond+   00:48:54  30155636K  21805684K  02:24.314   01:56:48      0:0 
11410355.ex+     extern rrg-rbond+   00:48:54    148744K      1080K   00:00:00   00:00:00      0:0 
